1 NONTERMINAL NP+ADVP
254 NONTERMINAL VP+VERB
65 NONTERMINAL SBAR
3405 NONTERMINAL SBARQ
81 NONTERMINAL ADJP
30 NONTERMINAL WHADVP
1808 NONTERMINAL DET
1 NONTERMINAL S+VP+VERB
2 NONTERMINAL NP+QP
2 NONTERMINAL NP+S
11 NONTERMINAL SBAR+S
3 NONTERMINAL NP+X
3 NONTERMINAL NP+NP
251 NONTERMINAL SQ+VP
68 NONTERMINAL CONJ
569 NONTERMINAL WHNP
301 NONTERMINAL WHADVP+ADV
85 NONTERMINAL S
1 NONTERMINAL NX
1024 NONTERMINAL PP
3852 NONTERMINAL NOUN
4 NONTERMINAL NP+ADJ
27 NONTERMINAL PRT+PRT
280 NONTERMINAL PRT
1 NONTERMINAL WHNP+WHNP
2032 NONTERMINAL .
1 NONTERMINAL PP+NOUN
24 NONTERMINAL WHPP
103 NONTERMINAL NUM
50 NONTERMINAL NP+NUM
4813 NONTERMINAL NP
90 NONTERMINAL S+VP
25 NONTERMINAL NP+DET
244 NONTERMINAL ADV
16 NONTERMINAL VP+NOUN
19 NONTERMINAL ADJP+ADJ
1010 NONTERMINAL ADP
1 NONTERMINAL NP+PP
1 NONTERMINAL PP+PP+ADP
2 NONTERMINAL ADVP+ADJ
803 NONTERMINAL VP
6 NONTERMINAL PP+PRT
817 NONTERMINAL WHNP+PRON
2349 NONTERMINAL VERB
1 NONTERMINAL NP+S+VP
17 NONTERMINAL X
656 NONTERMINAL NP+NOUN
916 NONTERMINAL ADJ
14 NONTERMINAL ADVP
10 NONTERMINAL SBAR+S+VP
7 NONTERMINAL QP
23 NONTERMINAL WHNP+DET
2081 NONTERMINAL SQ
38 NONTERMINAL ADVP+ADV
2 NONTERMINAL NP+VERB
124 NONTERMINAL WHADJP
114 NONTERMINAL NP+PRON
73 NONTERMINAL PRON
1 NONTERMINAL NP+SBAR+S
1 NONTERMINAL VP+S+VP
1 NONTERMINAL SBAR+VP
113 NONTERMINAL PP+ADP
3 UNARYRULE . <
7 UNARYRULE NOUN war
4 UNARYRULE ADV how
42 UNARYRULE NOUN year
5 UNARYRULE ADJ last
6 UNARYRULE NOUN language
5 UNARYRULE NOUN years
2 UNARYRULE NOUN top
5 UNARYRULE NOUN William
3 UNARYRULE PRON I
2 UNARYRULE NOUN power
4 UNARYRULE NP+NOUN Liberty
10 UNARYRULE VERB become
76 UNARYRULE NUM _RARE_
5 UNARYRULE NOUN song
17 UNARYRULE NOUN population
1 UNARYRULE NOUN France
156 UNARYRULE PRT <s
1 UNARYRULE NP+NOUN sport
5 UNARYRULE ADJ South
1 UNARYRULE NP+VERB called
6 UNARYRULE NOUN America
5 UNARYRULE NOUN battle
5 UNARYRULE NOUN group
17 UNARYRULE VERB Name
2 UNARYRULE NOUN French
78 UNARYRULE ADP for
8 UNARYRULE NOUN colors
3 UNARYRULE NOUN animals
5 UNARYRULE NOUN show
5 UNARYRULE ADJ common
2 UNARYRULE NOUN earth
4 UNARYRULE NOUN mountain
5 UNARYRULE VERB said
16 UNARYRULE NOUN United
14 UNARYRULE NOUN color
1 UNARYRULE NOUN Spanish
8 UNARYRULE NOUN character
6 UNARYRULE ADP into
7 UNARYRULE NOUN abbreviation
13 UNARYRULE NOUN New
3 UNARYRULE ADJ National
12 UNARYRULE NOUN War
31 UNARYRULE ADVP+ADV _RARE_
1 UNARYRULE PRT+PRT for
2 UNARYRULE VP+VERB become
7 UNARYRULE VP+VERB mean
3 UNARYRULE VP+VERB died
1 UNARYRULE ADV Why
5 UNARYRULE NOUN percentage
1 UNARYRULE NP+VERB _RARE_
12 UNARYRULE ADV far
15 UNARYRULE NP+PRON it
31 UNARYRULE VERB <s
2 UNARYRULE VERB cost
15 UNARYRULE ADP with
9 UNARYRULE ADV much
108 UNARYRULE WHADVP+ADV When
3 UNARYRULE NOUN British
1 UNARYRULE VP+VERB start
5 UNARYRULE NOUN Lincoln
1 UNARYRULE ADJ capital
1 UNARYRULE VERB name
6 UNARYRULE NP+PRON they
2 UNARYRULE VP+VERB run
1 UNARYRULE DET that
6 UNARYRULE PP+PRT to
2 UNARYRULE NP+NUM one
7 UNARYRULE NOUN State
16 UNARYRULE ADJ largest
2 UNARYRULE VERB built
7 UNARYRULE NOUN term
4 UNARYRULE NP+NOUN Canada
2 UNARYRULE PP+ADP at
1 UNARYRULE VP+VERB get
10 UNARYRULE VERB play
19 UNARYRULE VERB find
50 UNARYRULE NOUN city
2 UNARYRULE NP+NOUN Africa
4 UNARYRULE PP+ADP on
21 UNARYRULE ADV most
7 UNARYRULE PRT+PRT _RARE_
10 UNARYRULE ADJ old
8 UNARYRULE ADJ tall
2 UNARYRULE ADV about
24 UNARYRULE PP+ADP for
6 UNARYRULE NOUN bird
2 UNARYRULE NOUN National
1 UNARYRULE NOUN start
8 UNARYRULE NP+PRON _RARE_
17 UNARYRULE DET _RARE_
3 UNARYRULE PP+ADP by
4 UNARYRULE VERB painted
39 UNARYRULE ADP _RARE_
10 UNARYRULE VERB take
13 UNARYRULE NOUN people
2 UNARYRULE NP+NOUN French
5 UNARYRULE ADVP+ADV first
5 UNARYRULE VERB given
7 UNARYRULE NOUN York
8 UNARYRULE ADJ famous
110 UNARYRULE PRT to
15 UNARYRULE NOUN president
14 UNARYRULE ADJ much
13 UNARYRULE NOUN President
10 UNARYRULE NOUN Day
2 UNARYRULE WHADVP+ADV _RARE_
3 UNARYRULE NP+NOUN Australia
20 UNARYRULE VERB were
7 UNARYRULE ADJ only
1 UNARYRULE VP+VERB painted
12 UNARYRULE VERB be
22 UNARYRULE ADJ American
3 UNARYRULE PRON what
18 UNARYRULE WHNP+DET that
4 UNARYRULE NOUN animal
12 UNARYRULE WHADVP+ADV when
5 UNARYRULE NOUN Johnson
1 UNARYRULE VP+VERB write
1 UNARYRULE NP+NOUN average
1 UNARYRULE VERB born
9 UNARYRULE PRT+PRT out
5 UNARYRULE NP+NOUN place
1 UNARYRULE PP+ADP as
7 UNARYRULE NOUN point
5 UNARYRULE NOUN Mississippi
14 UNARYRULE PRON its
8 UNARYRULE NOUN names
6 UNARYRULE NOUN West
5 UNARYRULE VERB located
1 UNARYRULE ADJ mountain
9 UNARYRULE ADJ highest
69 UNARYRULE ADP on
151 UNARYRULE WHNP+PRON Who
8 UNARYRULE ADP that
149 UNARYRULE ADV How
9 UNARYRULE ADJ real
7 UNARYRULE VERB died
6 UNARYRULE NOUN flight
17 UNARYRULE PP+ADP of
1 UNARYRULE NOUN Texas
247 UNARYRULE VERB was
1 UNARYRULE VP+VERB make
4 UNARYRULE VP+VERB work
1 UNARYRULE VERB open
5 UNARYRULE NOUN star
69 UNARYRULE ADJ many
3 UNARYRULE NOUN Australia
5 UNARYRULE NOUN birthstone
7 UNARYRULE VP+VERB have
1 UNARYRULE VP+VERB find
5 UNARYRULE PP+ADP into
2 UNARYRULE VP+VERB use
6 UNARYRULE ADJ top
5 UNARYRULE ADP out
5 UNARYRULE ADJ tallest
15 UNARYRULE PRON his
1 UNARYRULE NP+NOUN battle
1 UNARYRULE S+VP+VERB _RARE_
2 UNARYRULE ADVP+ADJ _RARE_
1 UNARYRULE ADJP+ADJ open
1695 UNARYRULE . ?
4 UNARYRULE NOUN Africa
667 UNARYRULE VERB is
1 UNARYRULE VP+VERB used
20 UNARYRULE ADP by
7 UNARYRULE NOUN dog
12 UNARYRULE VERB come
29 UNARYRULE NOUN state
6 UNARYRULE NOUN governor
6 UNARYRULE NOUN Tower
6 UNARYRULE WHNP+PRON who
11 UNARYRULE NOUN body
10 UNARYRULE NOUN University
4 UNARYRULE ADJ North
1 UNARYRULE NOUN light
5 UNARYRULE NOUN rate
11 UNARYRULE NOUN origin
2 UNARYRULE ADV only
78 UNARYRULE VERB do
7 UNARYRULE PRON _RARE_
16 UNARYRULE VP+NOUN mean
1 UNARYRULE NOUN England
4 UNARYRULE NP+NOUN light
15 UNARYRULE NOUN States
17 UNARYRULE WHADVP+ADV Why
272 UNARYRULE ADP in
4 UNARYRULE NP+NOUN France
89 UNARYRULE NOUN name
1 UNARYRULE NP+NOUN Mississippi
3 UNARYRULE NOUN place
8 UNARYRULE NOUN book
7 UNARYRULE VP+VERB built
9 UNARYRULE NP+NOUN water
8 UNARYRULE NOUN car
9 UNARYRULE NOUN film
8 UNARYRULE VP+VERB invented
1 UNARYRULE PRON it
2 UNARYRULE ADV Where
10 UNARYRULE VERB say
4 UNARYRULE NP+NOUN Spain
5 UNARYRULE NOUN Vietnam
6 UNARYRULE NOUN school
4 UNARYRULE NP+NOUN power
14 UNARYRULE VERB called
7 UNARYRULE NOUN actor
6 UNARYRULE NOUN George
5 UNARYRULE NOUN difference
8 UNARYRULE ADP between
5 UNARYRULE NOUN eye
1 UNARYRULE NP+NOUN countries
11 UNARYRULE VERB make
21 UNARYRULE VP+VERB die
5 UNARYRULE NUM one
5 UNARYRULE NOUN South
1 UNARYRULE NP+NOUN Vietnam
1 UNARYRULE NP+NUM two
14 UNARYRULE VERB used
5 UNARYRULE NOUN party
5 UNARYRULE PRON my
1 UNARYRULE NOUN I
5 UNARYRULE NOUN American
5 UNARYRULE ADJ European
1 UNARYRULE NOUN run
6 UNARYRULE NOUN Washington
118 UNARYRULE . ``
198 UNARYRULE DET a
37 UNARYRULE ADV _RARE_
2 UNARYRULE WHNP+DET which
106 UNARYRULE VP+VERB _RARE_
7 UNARYRULE . _RARE_
653 UNARYRULE WHNP+PRON What
5 UNARYRULE NOUN house
19 UNARYRULE VERB get
1 UNARYRULE NP+NOUN school
40 UNARYRULE PP+ADP in
1 UNARYRULE PRT+PRT on
5 UNARYRULE NP+NOUN Earth
1 UNARYRULE VERB mean
6 UNARYRULE ADJ high
3 UNARYRULE ADJ long
1 UNARYRULE VP+VERB fear
5 UNARYRULE ADP before
2 UNARYRULE NP+NOUN animals
23 UNARYRULE VP+VERB born
5 UNARYRULE NOUN ball
5 UNARYRULE WHNP+PRON what
1 UNARYRULE VP+VERB killed
3 UNARYRULE VP+VERB live
2 UNARYRULE NP+NOUN office
6 UNARYRULE NUM four
7 UNARYRULE ADJ British
5 UNARYRULE NOUN address
118 UNARYRULE . <<
126 UNARYRULE VERB are
1 UNARYRULE NP+NOUN America
2 UNARYRULE VP+VERB cost
4 UNARYRULE NOUN sport
2 UNARYRULE NP+NOUN President
2 UNARYRULE NP+NOUN types
1 UNARYRULE VP+VERB be
9 UNARYRULE NP+NOUN people
7 UNARYRULE DET which
5 UNARYRULE NP+NOUN president
5 UNARYRULE PRON her
1 UNARYRULE ADVP+ADV after
5 UNARYRULE NOUN water
9 UNARYRULE NOUN number
1 UNARYRULE NOUN Spain
7 UNARYRULE NOUN home
3 UNARYRULE VERB buried
5 UNARYRULE NOUN team
5 UNARYRULE . :
3 UNARYRULE NOUN London
3 UNARYRULE NP+NOUN miles
15 UNARYRULE NOUN game
1 UNARYRULE PP+NOUN _RARE_
8 UNARYRULE NOUN woman
35 UNARYRULE VERB can
1 UNARYRULE VP+VERB did
5 UNARYRULE ADJ female
5 UNARYRULE NOUN leader
10 UNARYRULE NOUN nickname
3 UNARYRULE WHNP+DET Which
1 UNARYRULE NP+NOUN state
25 UNARYRULE ADP as
70 UNARYRULE WHADVP+ADV How
5 UNARYRULE VP+VERB located
17 UNARYRULE ADP In
14 UNARYRULE ADP at
6 UNARYRULE NP+NOUN Alaska
4 UNARYRULE NP+NOUN home
7 UNARYRULE PRON your
10 UNARYRULE ADJ fast
43 UNARYRULE NOUN U.S.
30 UNARYRULE DET an
41 UNARYRULE NOUN country
3 UNARYRULE NOUN types
1 UNARYRULE PRT _RARE_
18 UNARYRULE VP+VERB called
38 UNARYRULE ADP from
5 UNARYRULE NOUN World
17 UNARYRULE X _RARE_
64 UNARYRULE . ,
13 UNARYRULE VERB have
5 UNARYRULE NOUN life
1084 UNARYRULE DET the
1 UNARYRULE NP+DET _RARE_
3 UNARYRULE NP+ADJ _RARE_
6 UNARYRULE VERB live
11 UNARYRULE NOUN sun
7 UNARYRULE NOUN river
1 UNARYRULE NOUN use
4 UNARYRULE VERB start
1 UNARYRULE VP+VERB founded
3 UNARYRULE NOUN Great
2 UNARYRULE VP+VERB play
13 UNARYRULE PP+ADP from
8 UNARYRULE PRON their
21 UNARYRULE NP+DET there
11 UNARYRULE NOUN company
8 UNARYRULE NOUN moon
4 UNARYRULE NOUN rain
5 UNARYRULE NP+NOUN Mars
62 UNARYRULE ADJ first
2 UNARYRULE ADJ musical
6 UNARYRULE ADJ Spanish
5 UNARYRULE ADJ fastest
4 UNARYRULE NP+NOUN earth
10 UNARYRULE VERB call
6 UNARYRULE NOUN Kennedy
380 UNARYRULE ADP of
13 UNARYRULE NOUN fear
2 UNARYRULE CONJ _RARE_
5 UNARYRULE ADJ longest
526 UNARYRULE ADJ _RARE_
1 UNARYRULE ADVP+ADV best
90 UNARYRULE WHADVP+ADV Where
2 UNARYRULE NP+NOUN year
6 UNARYRULE CONJ or
8 UNARYRULE NOUN US
2 UNARYRULE NP+NOUN rain
6 UNARYRULE NOUN horse
1 UNARYRULE NP+NOUN Washington
6 UNARYRULE ADJ different
9 UNARYRULE ADJ best
7 UNARYRULE NOUN countries
1 UNARYRULE NP+NOUN animal
1 UNARYRULE NP+NOUN Johnson
8 UNARYRULE NOUN movie
1 UNARYRULE NOUN cost
18 UNARYRULE ADJP+ADJ _RARE_
2702 UNARYRULE NOUN _RARE_
4 UNARYRULE NOUN miles
1 UNARYRULE ADJ home
2 UNARYRULE VP+VERB form
1 UNARYRULE PRT+PRT into
38 UNARYRULE VERB has
4 UNARYRULE VP+VERB do
9 UNARYRULE NOUN person
2 UNARYRULE NOUN mean
9 UNARYRULE NOUN John
33 UNARYRULE NP+PRON I
5 UNARYRULE NOUN college
11 UNARYRULE VERB invented
11 UNARYRULE NOUN word
9 UNARYRULE ADJ national
3 UNARYRULE NOUN office
7 UNARYRULE ADJ average
4 UNARYRULE NOUN play
3 UNARYRULE VP+VERB open
1 UNARYRULE NOUN Liberty
11 UNARYRULE NOUN River
526 UNARYRULE NP+NOUN _RARE_
6 UNARYRULE NOUN North
6 UNARYRULE NOUN currency
1 UNARYRULE WHNP+PRON _RARE_
4 UNARYRULE PP+ADP with
5 UNARYRULE VERB wrote
7 UNARYRULE PRT+PRT up
6 UNARYRULE ADP after
5 UNARYRULE ADJ black
5 UNARYRULE DET some
3 UNARYRULE NOUN form
3 UNARYRULE NP+NOUN baseball
32 UNARYRULE NOUN world
13 UNARYRULE PRT <
22 UNARYRULE . .
1 UNARYRULE NP+DET that
28 UNARYRULE DET Which
11 UNARYRULE VERB makes
4 UNARYRULE VP+VERB made
7 UNARYRULE ADJ oldest
5 UNARYRULE VERB killed
11 UNARYRULE NOUN capital
4 UNARYRULE NP+NOUN Texas
3 UNARYRULE NOUN musical
4 UNARYRULE NP+NOUN Spanish
1 UNARYRULE NP+NOUN company
6 UNARYRULE VERB use
1 UNARYRULE NP+NOUN dog
2 UNARYRULE WHADVP+ADV how
3 UNARYRULE NOUN Earth
1 UNARYRULE ADJ New
5 UNARYRULE ADV long
8 UNARYRULE NOUN day
7 UNARYRULE NOUN date
2 UNARYRULE NP+DET some
35 UNARYRULE DET The
1 UNARYRULE VERB begin
5 UNARYRULE PRON What
5 UNARYRULE NP+PRON he
1 UNARYRULE VERB work
13 UNARYRULE DET what
5 UNARYRULE VERB had
1 UNARYRULE PRT+PRT place
4 UNARYRULE ADJ French
1 UNARYRULE WHNP+PRON Which
154 UNARYRULE VERB did
60 UNARYRULE CONJ and
6 UNARYRULE NOUN money
5 UNARYRULE VERB win
108 UNARYRULE VERB does
6 UNARYRULE NOUN system
4 UNARYRULE NP+NOUN England
1 UNARYRULE PP+PP+ADP in
390 UNARYRULE DET What
5 UNARYRULE VERB been
6 UNARYRULE VERB founded
4 UNARYRULE VP+VERB begin
47 UNARYRULE NP+NUM _RARE_
3 UNARYRULE NOUN Canada
4 UNARYRULE VERB write
14 UNARYRULE ADJ most
18 UNARYRULE VERB made
10 UNARYRULE NOUN baseball
5 UNARYRULE ADP about
477 UNARYRULE VERB _RARE_
3 UNARYRULE ADJ Great
5 UNARYRULE VERB causes
1 UNARYRULE NP+NOUN color
16 UNARYRULE VERB known
1 UNARYRULE NOUN work
2 UNARYRULE NP+NOUN London
3 UNARYRULE VERB run
47 UNARYRULE NP+PRON you
3 UNARYRULE NP+X _RARE_
20 UNARYRULE VERB stand
8 UNARYRULE VERB being
1 UNARYRULE NP+ADJ black
3 UNARYRULE VP+VERB buried
10 UNARYRULE NOUN kind
8 UNARYRULE NOUN St.
1 UNARYRULE ADJ West
5 UNARYRULE VERB should
8 UNARYRULE NOUN King
16 UNARYRULE NUM two
1 BINARYRULE VP VERB SBAR+VP
4 BINARYRULE VP VERB NP+PRON
1 BINARYRULE SBAR+S+VP PRT VP+VERB
63 BINARYRULE SQ VERB VP
1 BINARYRULE SQ ADVP+ADV VP+VERB
1 BINARYRULE VP PP WHPP
75 BINARYRULE SQ NP+PRON VP
1 BINARYRULE SBARQ SBARQ .
7 BINARYRULE ADJP DET ADJ
1436 BINARYRULE SBARQ SQ .
21 BINARYRULE NP CONJ NOUN
165 BINARYRULE NP NOUN PRT
12 BINARYRULE S+VP VERB NP
41 BINARYRULE NP NOUN PP
30 BINARYRULE PP PRT NP
77 BINARYRULE VP VERB PP+ADP
71 BINARYRULE SQ VERB NP+NOUN
506 BINARYRULE NP NP PP
2 BINARYRULE SQ PP PP
141 BINARYRULE VP VERB PP
1 BINARYRULE S+VP VERB ADJP
2 BINARYRULE PP PRT NP+NUM
1 BINARYRULE SQ NP+ADJ SQ
1 BINARYRULE VP NP ADJP+ADJ
2 BINARYRULE ADJP CONJ ADJ
1 BINARYRULE VP NP+NOUN PRT+PRT
26 BINARYRULE SBARQ WHADVP SBARQ
1 BINARYRULE PP ADP NP+QP
601 BINARYRULE PP ADP NP
3 BINARYRULE SQ+VP VERB SBAR+S
13 BINARYRULE SQ NP+DET PP
42 BINARYRULE SBARQ WHADJP SBARQ
3 BINARYRULE WHNP PRON NP
20 BINARYRULE WHADVP ADV ADV
1 BINARYRULE VP NP VP+VERB
8 BINARYRULE SQ VERB ADJP
1 BINARYRULE PP NP+NUM PP
1 BINARYRULE ADJP NUM NOUN
1 BINARYRULE SQ NP+NOUN VP+NOUN
1 BINARYRULE PP PRT NP+DET
14 BINARYRULE VP VERB VP+VERB
1 BINARYRULE SQ NP+S VP
1 BINARYRULE NP NOUN PP+ADP
1 BINARYRULE VP VERB NP+SBAR+S
7 BINARYRULE S NP+PRON VP+VERB
1 BINARYRULE NP ADJP+ADJ NP
1 BINARYRULE NP NOUN ADVP+ADV
477 BINARYRULE NP ADJ NOUN
1 BINARYRULE SQ ADJP+ADJ PP
4 BINARYRULE VP PRT VP+VERB
148 BINARYRULE VP VERB NP
1 BINARYRULE SBAR+S NP VP+VERB
1 BINARYRULE VP VERB .
21 BINARYRULE WHPP ADP WHNP
1 BINARYRULE NP NP+NOUN PP+ADP
8 BINARYRULE SQ VERB NP+DET
1 BINARYRULE VP NOUN PP+ADP
5 BINARYRULE NP NP PP+ADP
1 BINARYRULE NP+NP . NP
2 BINARYRULE VP PP NP
13 BINARYRULE SQ NP VP+NOUN
11 BINARYRULE S+VP VERB PP
12 BINARYRULE NP ADJP NP
1 BINARYRULE VP VERB WHADJP
1 BINARYRULE VP NP SBAR
2 BINARYRULE SQ+VP ADVP+ADV VP
4 BINARYRULE SQ VP PP
1 BINARYRULE VP PRT+PRT WHPP
2 BINARYRULE VP PP+ADP PP
7 BINARYRULE SBARQ WHNP SQ
3 BINARYRULE VP PRT+PRT PP
1 BINARYRULE SBAR WHPP S
4 BINARYRULE WHNP ADV ADV
3 BINARYRULE S+VP . VP
9 BINARYRULE ADJP ADJ ADJ
3 BINARYRULE NP VERB NP
118 BINARYRULE WHADJP ADV ADJ
22 BINARYRULE SQ+VP VERB PP
1 BINARYRULE NP VERB NP+NOUN
1 BINARYRULE SBAR WHNP+DET S+VP+VERB
2 BINARYRULE S+VP VERB S
31 BINARYRULE NP NP+NOUN PP
653 BINARYRULE SQ VERB NP
25 BINARYRULE NP CONJ NP
2 BINARYRULE QP ADV NUM
1 BINARYRULE ADJP ADJ PRT+PRT
3 BINARYRULE NP . PRON
1 BINARYRULE ADVP ADV NP
35 BINARYRULE S+VP PRT VP
2 BINARYRULE ADJP ADJ NOUN
1 BINARYRULE VP VP NP+NOUN
5 BINARYRULE SQ NP SQ
3 BINARYRULE VP NP+NOUN S+VP
14 BINARYRULE NP PRON NP
1 BINARYRULE NX NOUN NOUN
10 BINARYRULE NP NP SBAR+S+VP
1 BINARYRULE SBARQ WHNP+WHNP SBARQ
1 BINARYRULE VP PRT+PRT SBARQ
1 BINARYRULE SQ NP+NOUN ADJP
1 BINARYRULE ADJP ADJ VP
1 BINARYRULE VP NP+PRON ADJP+ADJ
1 BINARYRULE ADJP ADJ .
1 BINARYRULE VP NP+NOUN VP+VERB
1 BINARYRULE SQ+VP VERB S
4 BINARYRULE WHNP ADJ NOUN
2 BINARYRULE SQ NP+NOUN NP
2 BINARYRULE PP ADP SBAR
808 BINARYRULE SBARQ WHNP+PRON SBARQ
2 BINARYRULE SQ NP ADJP
14 BINARYRULE PP ADP S+VP
1 BINARYRULE NP NUM NUM
1 BINARYRULE SQ ADJP SBAR
6 BINARYRULE S NP+NOUN VP
1 BINARYRULE NP NP+NUM NP
770 BINARYRULE NP NOUN NOUN
1 BINARYRULE SBAR+S NP+PRON VP+VERB
8 BINARYRULE VP VERB PRT+PRT
1 BINARYRULE S+VP VP VP
3 BINARYRULE VP PRT+PRT NP
1 BINARYRULE NP X NOUN
18 BINARYRULE VP NP VP
1 BINARYRULE SBAR WHNP S
2 BINARYRULE VP S PP
21 BINARYRULE NP NP VP
3 BINARYRULE VP CONJ VP
2 BINARYRULE NP . ADJP+ADJ
20 BINARYRULE VP PP PP
4 BINARYRULE S . .
4 BINARYRULE ADVP ADV ADV
2 BINARYRULE NP . NUM
1 BINARYRULE NP ADJP .
1 BINARYRULE NP . PP
3 BINARYRULE SQ NP+PRON PP
4 BINARYRULE NP NP NP+NOUN
3 BINARYRULE VP VERB PP+PRT
4 BINARYRULE PP ADP NOUN
25 BINARYRULE S VP .
1 BINARYRULE VP NP+NOUN SBAR
1 BINARYRULE VP VERB NP+QP
3 BINARYRULE VP VERB ADVP+ADV
11 BINARYRULE S+VP VERB VP
2 BINARYRULE VP ADV VERB
1 BINARYRULE SQ . PP
97 BINARYRULE NP NOUN .
1 BINARYRULE WHNP NOUN ADJ
1 BINARYRULE S PP S
1 BINARYRULE NP VERB PRT
1 BINARYRULE PP ADV ADP
4 BINARYRULE PP ADP VP
1 BINARYRULE ADJP NOUN ADJP
1 BINARYRULE SQ+VP VP PP
1 BINARYRULE VP VP PP
7 BINARYRULE SBARQ . SBARQ
11 BINARYRULE PP PP PP
10 BINARYRULE SBAR WHADVP+ADV S
85 BINARYRULE NP NP NOUN
1 BINARYRULE ADJP NOUN ADJ
2 BINARYRULE SBARQ SQ SBARQ
79 BINARYRULE SQ+VP VERB VP
2 BINARYRULE SBARQ SBARQ SBARQ
1 BINARYRULE SQ VERB S+VP
3 BINARYRULE VP ADV VP
2 BINARYRULE SQ NP VERB
26 BINARYRULE NP ADJP NOUN
1 BINARYRULE ADJP NUM ADJ
3 BINARYRULE NP NP+DET PP
17 BINARYRULE SBAR WHNP+DET S+VP
1 BINARYRULE VP NOUN PP
1 BINARYRULE S NP+NUM VP
1 BINARYRULE WHPP PRT WHNP+DET
505 BINARYRULE SBARQ WHNP SBARQ
1 BINARYRULE SBARQ WHNP+DET SBARQ
2 BINARYRULE NP ADJ ADJ
1 BINARYRULE NP NOUN ADV
3 BINARYRULE WHNP NOUN NOUN
1 BINARYRULE NP DET X
3 BINARYRULE SQ NP+NOUN PP
4 BINARYRULE VP ADVP+ADV VP+VERB
1 BINARYRULE VP . NP+S
1 BINARYRULE WHNP NP NOUN
9 BINARYRULE SQ NP PP
1 BINARYRULE NP NP PP+PRT
3 BINARYRULE VP NP S+VP
1 BINARYRULE ADJP ADVP VERB
263 BINARYRULE WHNP DET NOUN
1 BINARYRULE SQ NP+NOUN ADJP+ADJ
2 BINARYRULE VP VERB WHNP
2 BINARYRULE VP ADJP PP
2 BINARYRULE SBAR+S NP+PRON VP
1 BINARYRULE NP+SBAR+S ADVP+ADV S
1 BINARYRULE SQ+VP VP VP
4 BINARYRULE SQ NP+PRON SQ
619 BINARYRULE SQ VERB SQ
1 BINARYRULE SQ VERB VP+VERB
18 BINARYRULE SQ VERB PP
286 BINARYRULE PP ADP NP+NOUN
1 BINARYRULE ADJP . ADJ
2 BINARYRULE VP VERB ADJP
2 BINARYRULE SBARQ CONJ SBARQ
1 BINARYRULE SBAR SQ+VP .
1 BINARYRULE NP NP WHPP
1 BINARYRULE ADVP ADV .
1 BINARYRULE VP . S
1 BINARYRULE VP ADV NP
579 BINARYRULE NP DET NOUN
1 BINARYRULE NP NP+NOUN .
5 BINARYRULE SBAR+S NP VP
7 BINARYRULE S+VP PRT VP+VERB
62 BINARYRULE SQ NP+NOUN VP
1 BINARYRULE SQ NP NP+NOUN
6 BINARYRULE VP PRT+PRT VP
1 BINARYRULE VP NP ADVP
1 BINARYRULE ADJP ADJP ADJP
1 BINARYRULE SQ VERB ADJP+ADJ
8 BINARYRULE SQ NP NP
1 BINARYRULE NP ADJ NP+NOUN
9 BINARYRULE SBAR+S+VP PRT VP
1 BINARYRULE WHPP PRT WHNP+PRON
3 BINARYRULE WHADVP ADV PP
1 BINARYRULE VP VERB NP+S+VP
3 BINARYRULE PP ADP NP+ADJ
20 BINARYRULE WHNP WHNP PP
1 BINARYRULE SQ+VP ADVP VP
1 BINARYRULE SBARQ WHNP SQ+VP
1 BINARYRULE WHADJP ADV ADJP
3 BINARYRULE ADJP ADV ADJP
20 BINARYRULE WHNP WHADJP NP
42 BINARYRULE NP PRON NOUN
17 BINARYRULE NP . NOUN
6 BINARYRULE NP ADV NP
1 BINARYRULE VP CONJ VP+VERB
11 BINARYRULE SQ NP PP+ADP
1 BINARYRULE SQ+VP VERB SBAR
12 BINARYRULE VP VERB SBAR
1 BINARYRULE PP ADP NP+PRON
2 BINARYRULE NP NP+NOUN SBAR
1 BINARYRULE SBAR WHNP+DET VP
10 BINARYRULE PP PRT NP+NOUN
1 BINARYRULE VP NP+NUM PP
1 BINARYRULE VP PP+PRT PP
2 BINARYRULE SQ VERB ADVP
1 BINARYRULE NP ADJP ADVP
1 BINARYRULE NP NP NP+PP
3 BINARYRULE WHADVP ADV ADJ
1 BINARYRULE NP+PP PP PP
1 BINARYRULE ADJP X .
1 BINARYRULE SQ NP+NP VP+VERB
1 BINARYRULE VP NP+NOUN VP
1 BINARYRULE NP+S+VP VERB VP
12 BINARYRULE S NP+PRON VP
1 BINARYRULE ADJP ADJ PP+PRT
1 BINARYRULE PP PRT VP
3 BINARYRULE VP NP PP+ADP
2 BINARYRULE NP X X
1 BINARYRULE VP NP PP+NOUN
1 BINARYRULE NP NP NX
1 BINARYRULE ADJP ADV VERB
4 BINARYRULE NP QP NOUN
323 BINARYRULE NP NOUN NP
1 BINARYRULE NP+NP NP PP
5 BINARYRULE WHADJP ADV ADV
164 BINARYRULE WHNP DET NP
30 BINARYRULE NP NP SBAR
1 BINARYRULE VP NP+NP PP
1 BINARYRULE SBAR+S NP S
40 BINARYRULE PP ADP NP+NUM
20 BINARYRULE SBARQ WHPP SBARQ
283 BINARYRULE SBARQ WHADVP+ADV SBARQ
1 BINARYRULE SBARQ NP .
138 BINARYRULE NP NP NP
1 BINARYRULE NP NUM .
1 BINARYRULE NP NP NP+ADVP
2 BINARYRULE VP NP NP
1 BINARYRULE VP NOUN NP
4 BINARYRULE S VP S
1 BINARYRULE VP PRT+PRT SBAR
3 BINARYRULE VP VERB ADJP+ADJ
2 BINARYRULE WHNP WHADJP WHNP
3 BINARYRULE WHNP PRON WHNP
6 BINARYRULE VP PRT VP
46 BINARYRULE VP NP PP
1 BINARYRULE SBAR+VP PRT VP
2 BINARYRULE VP . PP
1 BINARYRULE VP VP+VERB VP
8 BINARYRULE NP CONJ NP+NOUN
2 BINARYRULE QP ADP NUM
3 BINARYRULE NP X .
1 BINARYRULE WHNP WHNP NP+NOUN
1 BINARYRULE VP NP VERB
172 BINARYRULE SQ NP VP+VERB
3 BINARYRULE S+VP VERB ADJP+ADJ
1 BINARYRULE S+VP VERB NP+NP
2 BINARYRULE SBARQ WHADVP+ADV SQ
1 BINARYRULE NP . DET
1 BINARYRULE NP+QP ADJ QP
1 BINARYRULE WHNP DET S
1 BINARYRULE WHNP WHADJP PP
2 BINARYRULE VP CONJ VERB
1 BINARYRULE VP VERB ADVP
28 BINARYRULE NP NP+NOUN NP
1 BINARYRULE ADJP ADJ PP+ADP
15 BINARYRULE NP NOUN NUM
1 BINARYRULE VP NOUN NP+NOUN
1 BINARYRULE VP+S+VP PRT VP
4 BINARYRULE NP NP+NOUN VP
17 BINARYRULE ADJP ADV ADJ
1 BINARYRULE SQ ADV VP
1 BINARYRULE NP NP+NUM PP
1 BINARYRULE VP NP+PRON PP
1 BINARYRULE ADVP CONJ ADV
1 BINARYRULE VP NP VP+S+VP
1 BINARYRULE PP NP PP
13 BINARYRULE S NP VP
1 BINARYRULE NP . S+VP
5 BINARYRULE ADJP . ADJP
21 BINARYRULE SBAR ADP S
1 BINARYRULE SQ NP NP+VERB
4 BINARYRULE SQ NP ADJP+ADJ
1 BINARYRULE NP ADJ .
2 BINARYRULE NP+S NP VP
2 BINARYRULE NP NP ADJP
8 BINARYRULE SQ ADVP+ADV VP
1 BINARYRULE SQ VP SBAR
1 BINARYRULE WHNP WHNP NP
45 BINARYRULE NP NUM NOUN
1 BINARYRULE ADVP ADVP PP
1 BINARYRULE SQ VP+VERB SQ
4 BINARYRULE SQ NP SBAR
1 BINARYRULE NP NOUN X
1 BINARYRULE QP ADJ QP
766 BINARYRULE NP DET NP
2 BINARYRULE VP ADVP+ADV PP
4 BINARYRULE WHNP DET WHNP
1 BINARYRULE NP NP+NUM PP+ADP
3 BINARYRULE SBARQ PP SBARQ
1 BINARYRULE SBARQ SQ+VP SBARQ
58 BINARYRULE WHNP WHADJP NOUN
2 BINARYRULE NP NOUN SBAR
5 BINARYRULE SBAR WHNP+PRON S+VP
2 BINARYRULE WHNP ADV ADJ
3 BINARYRULE SQ+VP VERB S+VP
2 BINARYRULE WHADVP WHADVP PP
5 BINARYRULE ADJP ADJ ADJP
12 BINARYRULE VP NP+NOUN PP
2 BINARYRULE VP NP+PRON NP
5 BINARYRULE WHNP DET NP+NOUN
1 BINARYRULE SBARQ VP .
1 BINARYRULE NP QP PP
1 BINARYRULE NP VERB PP
216 BINARYRULE NP ADJ NP
8 BINARYRULE SQ NP+NOUN PP+ADP
1 BINARYRULE VP NP ADVP+ADJ
1 BINARYRULE VP VERB PP+PP+ADP
1 BINARYRULE QP DET NOUN
1 BINARYRULE NP ADJP NP+NOUN
2 BINARYRULE VP . NP
1 BINARYRULE ADJP NOUN VERB
1 BINARYRULE PP ADP NP+VERB
2 BINARYRULE ADJP CONJ ADJP
2 BINARYRULE VP VERB S
1 BINARYRULE NP+NP DET NP
12 BINARYRULE VP ADVP+ADV VP
1 BINARYRULE NP . NP+NUM
24 BINARYRULE VP VERB S+VP
2 BINARYRULE WHNP WHNP+DET PP
1 BINARYRULE S . S
6 BINARYRULE PP ADP PP
1 BINARYRULE NP ADJP PP
15 BINARYRULE NP . NP+NOUN
1 BINARYRULE SQ VERB SBAR+S
7 BINARYRULE S NP S
1 BINARYRULE ADVP . ADVP
2 BINARYRULE NP NP PRT
1 BINARYRULE NP+ADVP . ADVP
1 BINARYRULE WHPP ADP WHNP+PRON
3 BINARYRULE VP . VP
2 BINARYRULE S+VP VERB NP+NOUN
1 BINARYRULE NP PP PP
1 BINARYRULE NP PP VP
1 BINARYRULE VP NP+NOUN ADVP
2 BINARYRULE VP PRT+PRT PP+ADP
2 BINARYRULE ADJP ADJ S+VP
5 BINARYRULE SBAR WHADVP+ADV S+VP
1 BINARYRULE VP VP VP
3 BINARYRULE NP DET NUM
2 BINARYRULE NP VERB .
1 BINARYRULE PP PRT NOUN
1 BINARYRULE SQ NP+PRON ADJP
2 BINARYRULE VP VP NP
3 BINARYRULE SBARQ SBAR SBARQ
2 BINARYRULE SBARQ . .
6 BINARYRULE WHNP PRON NOUN
1 BINARYRULE SBARQ WHNP+PRON SQ+VP
1 BINARYRULE SQ VP+VERB NP
1 BINARYRULE S+VP VERB ADVP+ADV
27 BINARYRULE VP VERB NP+NOUN
15 BINARYRULE SQ+VP VERB NP+NOUN
117 BINARYRULE NP . NP
4 BINARYRULE S NP VP+VERB
28 BINARYRULE SQ NP+NOUN VP+VERB
1 BINARYRULE NP NP S
10 BINARYRULE ADJP ADJ PP
11 BINARYRULE NP NP S+VP
1 BINARYRULE NP ADJ NUM
2 BINARYRULE WHADVP ADV WHADVP
1 BINARYRULE NP+QP DET NUM
9 BINARYRULE NP DET ADJ
26 BINARYRULE NP NUM NP
2 BINARYRULE VP ADVP+ADV VERB
1 BINARYRULE VP VERB ADVP+ADJ
1 BINARYRULE NP ADV .
103 BINARYRULE VP VERB VP
1 BINARYRULE NP PRON .
6 BINARYRULE NP X NP
6 BINARYRULE NP NP SBAR+S
1 BINARYRULE PP ADV PP
1 BINARYRULE ADJP ADP WHNP+PRON
1 BINARYRULE SQ+VP VERB ADVP+ADV
1 BINARYRULE SQ VERB NP+X
1 BINARYRULE SBAR+S NP+NOUN VP
1 BINARYRULE NP PRON PRT
2 BINARYRULE SQ NP+X VP+NOUN
1 BINARYRULE NP CONJ NP+NUM
1 BINARYRULE SQ NP+NOUN ADVP
1 BINARYRULE VP PP VP
2 BINARYRULE NP NP+NOUN VP+VERB
3 BINARYRULE SQ NP+NOUN SQ
1 BINARYRULE VP . S+VP
1 BINARYRULE WHNP+WHNP DET NP
1 BINARYRULE QP DET NUM
1 BINARYRULE SQ ADV SQ
9 BINARYRULE NP VERB NOUN
1 BINARYRULE SBAR WHNP SBAR
1 BINARYRULE ADJP . SBAR+S
2 BINARYRULE VP ADJ VP
121 BINARYRULE SQ+VP VERB NP
2 BINARYRULE NP NP ADJ
247 BINARYRULE SBARQ SQ+VP .
1 BINARYRULE SBAR WHADVP+ADV PP
3 BINARYRULE ADVP ADV PP
2 BINARYRULE NP NOUN ADJ
2 BINARYRULE ADVP ADV ADVP
1 BINARYRULE VP ADJP+ADJ PP
168 BINARYRULE SQ NP VP
2 BINARYRULE VP VP SBAR
3 BINARYRULE NP NP .
1 BINARYRULE PP . PP
